<?xml version="1.0" encoding="UTF-8"?>
<!-- Generated by org.testng.reporters.JUnitReportReporter -->
<testsuite hostname="DESKTOP-9LVKJG2" failures="0" tests="3" name="org.testdata.TestngNykaa" time="4.932" errors="0" timestamp="23 Jul 2023 01:58:52 GMT" skipped="0">
  <testcase classname="org.testdata.TestngNykaa" name="homePage" time="1.050"/>
  <testcase classname="org.testdata.TestngNykaa" name="moveToBabyPowder" time="1.478"/>
  <testcase classname="org.testdata.TestngNykaa" name="addToBag" time="2.404"/>
</testsuite> <!-- org.testdata.TestngNykaa -->
