<?xml version="1.0" encoding="UTF-8"?>
<!-- Generated by org.testng.reporters.JUnitReportReporter -->
<testsuite hostname="DESKTOP-9LVKJG2" failures="0" tests="1" name="org.testng.TesngSample" time="0.015" errors="0" timestamp="22 Jul 2023 04:20:13 GMT" skipped="0">
  <testcase classname="org.testng.TesngSample" name="a" time="0.015"/>
</testsuite> <!-- org.testng.TesngSample -->
